[Fri Jun 25 00:00:01.311653 2021] [ssl:warn] [pid 740705:tid 139665489288256] AH01909: www.powertracsc.com:443:0 server certificate does NOT include an ID which matches the server name
[Sat Jun 26 00:00:03.187580 2021] [ssl:warn] [pid 740705:tid 139665489288256] AH01909: www.powertracsc.com:443:0 server certificate does NOT include an ID which matches the server name
[Sun Jun 27 00:00:04.825324 2021] [ssl:warn] [pid 740705:tid 139665489288256] AH01909: www.powertracsc.com:443:0 server certificate does NOT include an ID which matches the server name
[Mon Jun 28 00:00:04.186409 2021] [ssl:warn] [pid 740705:tid 139665489288256] AH01909: www.powertracsc.com:443:0 server certificate does NOT include an ID which matches the server name
[Tue Jun 29 00:00:05.441934 2021] [ssl:warn] [pid 740705:tid 139665489288256] AH01909: www.powertracsc.com:443:0 server certificate does NOT include an ID which matches the server name
[Wed Jun 30 00:00:05.919266 2021] [ssl:warn] [pid 740705:tid 139665489288256] AH01909: www.powertracsc.com:443:0 server certificate does NOT include an ID which matches the server name
[Thu Jul 01 00:00:06.921197 2021] [ssl:warn] [pid 740705:tid 139665489288256] AH01909: www.powertracsc.com:443:0 server certificate does NOT include an ID which matches the server name
[Fri Jul 02 00:00:02.152125 2021] [ssl:warn] [pid 740705:tid 139665489288256] AH01909: www.powertracsc.com:443:0 server certificate does NOT include an ID which matches the server name
[Sat Jul 03 00:00:08.507588 2021] [ssl:warn] [pid 740705:tid 139665489288256] AH01909: www.powertracsc.com:443:0 server certificate does NOT include an ID which matches the server name
[Sun Jul 04 00:00:09.164739 2021] [ssl:warn] [pid 740705:tid 139665489288256] AH01909: www.powertracsc.com:443:0 server certificate does NOT include an ID which matches the server name
[Mon Jul 05 00:00:10.359608 2021] [ssl:warn] [pid 740705:tid 139665489288256] AH01909: www.powertracsc.com:443:0 server certificate does NOT include an ID which matches the server name
[Tue Jul 06 00:00:10.836323 2021] [ssl:warn] [pid 740705:tid 139665489288256] AH01909: www.powertracsc.com:443:0 server certificate does NOT include an ID which matches the server name
[Wed Jul 07 00:00:11.872104 2021] [ssl:warn] [pid 740705:tid 139665489288256] AH01909: www.powertracsc.com:443:0 server certificate does NOT include an ID which matches the server name
[Thu Jul 08 00:00:12.809626 2021] [ssl:warn] [pid 740705:tid 139665489288256] AH01909: www.powertracsc.com:443:0 server certificate does NOT include an ID which matches the server name
[Fri Jul 09 00:00:12.513978 2021] [ssl:warn] [pid 740705:tid 139665489288256] AH01909: www.powertracsc.com:443:0 server certificate does NOT include an ID which matches the server name
[Sat Jul 10 00:00:01.190944 2021] [ssl:warn] [pid 740705:tid 139665489288256] AH01909: www.powertracsc.com:443:0 server certificate does NOT include an ID which matches the server name
[Sun Jul 11 00:00:05.865464 2021] [ssl:warn] [pid 740705:tid 139665489288256] AH01909: www.powertracsc.com:443:0 server certificate does NOT include an ID which matches the server name
[Mon Jul 12 00:00:01.124567 2021] [ssl:warn] [pid 740705:tid 139665489288256] AH01909: www.powertracsc.com:443:0 server certificate does NOT include an ID which matches the server name
[Tue Jul 13 00:00:06.277217 2021] [ssl:warn] [pid 740705:tid 139665489288256] AH01909: www.powertracsc.com:443:0 server certificate does NOT include an ID which matches the server name
[Wed Jul 14 00:00:18.320090 2021] [ssl:warn] [pid 740705:tid 139665489288256] AH01909: www.powertracsc.com:443:0 server certificate does NOT include an ID which matches the server name
[Thu Jul 15 00:00:08.760190 2021] [ssl:warn] [pid 740705:tid 139665489288256] AH01909: www.powertracsc.com:443:0 server certificate does NOT include an ID which matches the server name
[Fri Jul 16 00:00:01.198640 2021] [ssl:warn] [pid 740705:tid 139665489288256] AH01909: www.powertracsc.com:443:0 server certificate does NOT include an ID which matches the server name
[Sat Jul 17 00:00:20.255319 2021] [ssl:warn] [pid 740705:tid 139665489288256] AH01909: www.powertracsc.com:443:0 server certificate does NOT include an ID which matches the server name
[Sun Jul 18 00:00:21.078767 2021] [ssl:warn] [pid 740705:tid 139665489288256] AH01909: www.powertracsc.com:443:0 server certificate does NOT include an ID which matches the server name
[Mon Jul 19 00:00:22.162885 2021] [ssl:warn] [pid 740705:tid 139665489288256] AH01909: www.powertracsc.com:443:0 server certificate does NOT include an ID which matches the server name
